Xiaomi_Note1-master/app/build/intermediates/manifest_merge_blame_file/debug/manifest-merger-blame-debug-report.txt
1<?xml version="1.0" encoding="utf-8"?>
2<manifest xmlns:android="http://schemas.android.com/apk/res/android"
3    package="net.micode.notes"
4    android:versionCode="1"
5    android:versionName="1.0" >
6
7    <uses-sdk
7-->src\main\AndroidManifest.xml:8:5-44
8        android:minSdkVersion="16"
8-->src\main\AndroidManifest.xml:8:15-41
9        android:targetSdkVersion="20" />
9-->src\main\AndroidManifest.xml:8:5-44
10
11    <uses-permission android:name="android.permission.WRITE_EXTERNAL_STORAGE" />
11-->src\main\AndroidManifest.xml:10:5-81
11-->src\main\AndroidManifest.xml:10:22-78
12    <uses-permission android:name="com.android.launcher.permission.INSTALL_SHORTCUT" />
12-->src\main\AndroidManifest.xml:11:5-88
12-->src\main\AndroidManifest.xml:11:22-85
13    <uses-permission android:name="android.permission.INTERNET" />
13-->src\main\AndroidManifest.xml:12:5-67
13-->src\main\AndroidManifest.xml:12:22-64
14    <uses-permission android:name="android.permission.READ_CONTACTS" />
14-->src\main\AndroidManifest.xml:13:5-72
14-->src\main\AndroidManifest.xml:13:22-69
15    <uses-permission android:name="android.permission.MANAGE_ACCOUNTS" />
15-->src\main\AndroidManifest.xml:14:5-74
15-->src\main\AndroidManifest.xml:14:22-71
16    <uses-permission android:name="android.permission.AUTHENTICATE_ACCOUNTS" />
16-->src\main\AndroidManifest.xml:15:5-80
16-->src\main\AndroidManifest.xml:15:22-77
17    <uses-permission android:name="android.permission.GET_ACCOUNTS" />
17-->src\main\AndroidManifest.xml:16:5-71
17-->src\main\AndroidManifest.xml:16:22-68
18    <uses-permission android:name="android.permission.USE_CREDENTIALS" />
18-->src\main\AndroidManifest.xml:17:5-74
18-->src\main\AndroidManifest.xml:17:22-71
19    <uses-permission android:name="android.permission.RECEIVE_BOOT_COMPLETED" />
19-->src\main\AndroidManifest.xml:18:5-81
19-->src\main\AndroidManifest.xml:18:22-78
20
21    <application
21-->src\main\AndroidManifest.xml:20:5-145:19
22        android:appComponentFactory="android.support.v4.app.CoreComponentFactory"
22-->[com.android.support:support-compat:28.0.0] AndroidManifest.xml:22:18-91
23        android:debuggable="true"
24        android:icon="@drawable/icon_app"
24-->src\main\AndroidManifest.xml:21:9-42
25        android:label="@string/app_name"
25-->src\main\AndroidManifest.xml:22:9-41
26        android:testOnly="true" >
27
28        <!-- 其他声明 -->
29        <activity
29-->src\main\AndroidManifest.xml:26:9-30:47
30            android:name="net.micode.notes.ui.ShowResultActivity"
30-->src\main\AndroidManifest.xml:27:17-54
31            android:configChanges="orientation|keyboardHidden|screenSize"
31-->src\main\AndroidManifest.xml:28:17-78
32            android:label="Show Result"
32-->src\main\AndroidManifest.xml:30:17-44
33            android:theme="@style/Theme.AppCompat.Light.DarkActionBar" />
33-->src\main\AndroidManifest.xml:29:17-75
34        <!-- 其他声明 -->
35
36        <activity
36-->src\main\AndroidManifest.xml:34:9-43:20
37            android:name="net.micode.notes.ui.SplashActivity"
37-->src\main\AndroidManifest.xml:35:13-46
38            android:configChanges="orientation|keyboardHidden|screenSize"
38-->src\main\AndroidManifest.xml:36:13-74
39            android:theme="@style/Theme.Notes1.Fullscreen" >
39-->src\main\AndroidManifest.xml:37:13-59
40            <intent-filter>
40-->src\main\AndroidManifest.xml:38:13-42:29
41                <action android:name="android.intent.action.MAIN" />
41-->src\main\AndroidManifest.xml:39:17-69
41-->src\main\AndroidManifest.xml:39:25-66
42
43                <category android:name="android.intent.category.LAUNCHER" />
43-->src\main\AndroidManifest.xml:41:17-77
43-->src\main\AndroidManifest.xml:41:27-74
44            </intent-filter>
45        </activity>
46        <activity
46-->src\main\AndroidManifest.xml:44:9-51:64
47            android:name="net.micode.notes.ui.NotesListActivity"
47-->src\main\AndroidManifest.xml:45:13-49
48            android:configChanges="keyboardHidden|orientation|screenSize"
48-->src\main\AndroidManifest.xml:46:13-74
49            android:label="@string/app_name"
49-->src\main\AndroidManifest.xml:47:13-45
50            android:launchMode="singleTop"
50-->src\main\AndroidManifest.xml:48:13-43
51            android:theme="@style/Theme.AppCompat.Light.DarkActionBar"
51-->src\main\AndroidManifest.xml:49:13-71
52            android:uiOptions="splitActionBarWhenNarrow"
52-->src\main\AndroidManifest.xml:50:13-57
53            android:windowSoftInputMode="adjustPan" />
53-->src\main\AndroidManifest.xml:51:13-52
54        <activity
54-->src\main\AndroidManifest.xml:52:9-85:20
55            android:name="net.micode.notes.ui.NoteEditActivity"
55-->src\main\AndroidManifest.xml:53:13-48
56            android:configChanges="keyboardHidden|orientation|screenSize"
56-->src\main\AndroidManifest.xml:54:13-74
57            android:launchMode="singleTop"
57-->src\main\AndroidManifest.xml:55:13-43
58            android:theme="@style/Theme.AppCompat.Light.DarkActionBar" >
58-->src\main\AndroidManifest.xml:56:13-71
59
60            <!-- android:theme="@style/NoteTheme" -->
61
62            <intent-filter>
62-->src\main\AndroidManifest.xml:60:13-67:29
63                <action android:name="android.intent.action.VIEW" />
63-->src\main\AndroidManifest.xml:61:17-69
63-->src\main\AndroidManifest.xml:61:25-66
64
65                <category android:name="android.intent.category.DEFAULT" />
65-->src\main\AndroidManifest.xml:63:17-76
65-->src\main\AndroidManifest.xml:63:27-73
66
67                <data android:mimeType="vnd.android.cursor.item/text_note" />
67-->src\main\AndroidManifest.xml:65:17-78
67-->src\main\AndroidManifest.xml:65:23-75
68                <data android:mimeType="vnd.android.cursor.item/call_note" />
68-->src\main\AndroidManifest.xml:65:17-78
68-->src\main\AndroidManifest.xml:65:23-75
69            </intent-filter>
70            <intent-filter>
70-->src\main\AndroidManifest.xml:68:13-75:29
71                <action android:name="android.intent.action.INSERT_OR_EDIT" />
71-->src\main\AndroidManifest.xml:69:17-79
71-->src\main\AndroidManifest.xml:69:25-76
72
73                <category android:name="android.intent.category.DEFAULT" />
73-->src\main\AndroidManifest.xml:63:17-76
73-->src\main\AndroidManifest.xml:63:27-73
74
75                <data android:mimeType="vnd.android.cursor.item/text_note" />
75-->src\main\AndroidManifest.xml:65:17-78
75-->src\main\AndroidManifest.xml:65:23-75
76                <data android:mimeType="vnd.android.cursor.item/call_note" />
76-->src\main\AndroidManifest.xml:65:17-78
76-->src\main\AndroidManifest.xml:65:23-75
77            </intent-filter>
78            <intent-filter>
78-->src\main\AndroidManifest.xml:76:13-80:29
79                <action android:name="android.intent.action.SEARCH" />
79-->src\main\AndroidManifest.xml:77:17-71
79-->src\main\AndroidManifest.xml:77:25-68
80
81                <category android:name="android.intent.category.DEFAULT" />
81-->src\main\AndroidManifest.xml:63:17-76
81-->src\main\AndroidManifest.xml:63:27-73
82            </intent-filter>
83
84            <meta-data
84-->src\main\AndroidManifest.xml:82:13-84:54
85                android:name="android.app.searchable"
85-->src\main\AndroidManifest.xml:83:17-54
86                android:resource="@xml/searchable" />
86-->src\main\AndroidManifest.xml:84:17-51
87        </activity>
88
89        <provider
89-->src\main\AndroidManifest.xml:87:9-90:43
90            android:name="net.micode.notes.data.NotesProvider"
90-->src\main\AndroidManifest.xml:88:13-47
91            android:authorities="micode_notes"
91-->src\main\AndroidManifest.xml:89:13-47
92            android:multiprocess="true" />
92-->src\main\AndroidManifest.xml:90:13-40
93
94        <receiver
94-->src\main\AndroidManifest.xml:92:9-104:20
95            android:name="net.micode.notes.widget.NoteWidgetProvider_2x"
95-->src\main\AndroidManifest.xml:93:13-57
96            android:label="@string/app_widget2x2" >
96-->src\main\AndroidManifest.xml:94:13-50
97            <intent-filter>
97-->src\main\AndroidManifest.xml:95:13-99:29
98                <action android:name="android.appwidget.action.APPWIDGET_UPDATE" />
98-->src\main\AndroidManifest.xml:96:17-84
98-->src\main\AndroidManifest.xml:96:25-81
99                <action android:name="android.appwidget.action.APPWIDGET_DELETED" />
99-->src\main\AndroidManifest.xml:97:17-85
99-->src\main\AndroidManifest.xml:97:25-82
100                <action android:name="android.intent.action.PRIVACY_MODE_CHANGED" />
100-->src\main\AndroidManifest.xml:98:17-85
100-->src\main\AndroidManifest.xml:98:25-82
101            </intent-filter>
102
103            <meta-data
103-->src\main\AndroidManifest.xml:101:13-103:58
104                android:name="android.appwidget.provider"
104-->src\main\AndroidManifest.xml:102:17-58
105                android:resource="@xml/widget_2x_info" />
105-->src\main\AndroidManifest.xml:103:17-55
106        </receiver>
107        <receiver
107-->src\main\AndroidManifest.xml:105:9-117:20
108            android:name="net.micode.notes.widget.NoteWidgetProvider_4x"
108-->src\main\AndroidManifest.xml:106:13-57
109            android:label="@string/app_widget4x4" >
109-->src\main\AndroidManifest.xml:107:13-50
110            <intent-filter>
110-->src\main\AndroidManifest.xml:95:13-99:29
111                <action android:name="android.appwidget.action.APPWIDGET_UPDATE" />
111-->src\main\AndroidManifest.xml:96:17-84
111-->src\main\AndroidManifest.xml:96:25-81
112                <action android:name="android.appwidget.action.APPWIDGET_DELETED" />
112-->src\main\AndroidManifest.xml:97:17-85
112-->src\main\AndroidManifest.xml:97:25-82
113                <action android:name="android.intent.action.PRIVACY_MODE_CHANGED" />
113-->src\main\AndroidManifest.xml:98:17-85
113-->src\main\AndroidManifest.xml:98:25-82
114            </intent-filter>
115
116            <meta-data
116-->src\main\AndroidManifest.xml:101:13-103:58
117                android:name="android.appwidget.provider"
117-->src\main\AndroidManifest.xml:102:17-58
118                android:resource="@xml/widget_4x_info" />
118-->src\main\AndroidManifest.xml:103:17-55
119        </receiver>
120        <receiver android:name="net.micode.notes.ui.AlarmInitReceiver" >
120-->src\main\AndroidManifest.xml:118:9-122:20
120-->src\main\AndroidManifest.xml:118:19-55
121            <intent-filter>
121-->src\main\AndroidManifest.xml:119:13-121:29
122                <action android:name="android.intent.action.BOOT_COMPLETED" />
122-->src\main\AndroidManifest.xml:120:17-79
122-->src\main\AndroidManifest.xml:120:25-76
123            </intent-filter>
124        </receiver>
125        <receiver
125-->src\main\AndroidManifest.xml:123:9-125:50
126            android:name="net.micode.notes.ui.AlarmReceiver"
126-->src\main\AndroidManifest.xml:124:13-45
127            android:process=":remote" />
127-->src\main\AndroidManifest.xml:125:13-38
128
129        <activity
129-->src\main\AndroidManifest.xml:127:9-131:87
130            android:name="net.micode.notes.ui.AlarmAlertActivity"
130-->src\main\AndroidManifest.xml:128:13-50
131            android:label="@string/app_name"
131-->src\main\AndroidManifest.xml:129:13-45
132            android:launchMode="singleInstance"
132-->src\main\AndroidManifest.xml:130:13-48
133            android:theme="@android:style/Theme.Holo.Wallpaper.NoTitleBar" />
133-->src\main\AndroidManifest.xml:131:13-75
134        <activity
134-->src\main\AndroidManifest.xml:132:9-136:72
135            android:name="net.micode.notes.ui.NotesPreferenceActivity"
135-->src\main\AndroidManifest.xml:133:13-55
136            android:label="@string/preferences_title"
136-->src\main\AndroidManifest.xml:134:13-54
137            android:launchMode="singleTop"
137-->src\main\AndroidManifest.xml:135:13-43
138            android:theme="@android:style/Theme.Holo.Light" />
138-->src\main\AndroidManifest.xml:136:13-60
139
140        <service
140-->src\main\AndroidManifest.xml:138:9-140:48
141            android:name="net.micode.notes.gtask.remote.GTaskSyncService"
141-->src\main\AndroidManifest.xml:139:13-58
142            android:exported="false" />
142-->src\main\AndroidManifest.xml:140:13-37
143
144        <meta-data
144-->src\main\AndroidManifest.xml:142:9-144:52
145            android:name="android.app.default_searchable"
145-->src\main\AndroidManifest.xml:143:13-58
146            android:value=".ui.NoteEditActivity" />
146-->src\main\AndroidManifest.xml:144:13-49
147    </application>
148
149</manifest>